1593425710949	mozrunner::runner	INFO	Running command: "C:\\Program Files\\Mozilla Firefox\\firefox.exe" "-marionette" "-foreground" "-no-remote" "-profile" "C:\\Users\\mediasot\\AppData\\Local\\Temp\\rust_mozprofilecnVV2j"
JavaScript error: resource://gre/modules/XULStore.jsm, line 66: Error: Can't find profile directory.
1593425716945	Marionette	INFO	Listening on port 49937
1593425717004	Marionette	WARN	TLS certificate errors will be ignored for this session
1593425728037	Marionette	INFO	Stopped listening on port 49937

###!!! [Child][RunMessage] Error: Channel closing: too late to send/recv, messages will be lost


###!!! [Child][MessageChannel::SendAndWait] Error: Channel error: cannot send/recv

1593425775766	mozrunner::runner	INFO	Running command: "C:\\Program Files\\Mozilla Firefox\\firefox.exe" "-marionette" "-foreground" "-no-remote" "-profile" "C:\\Users\\mediasot\\AppData\\Local\\Temp\\rust_mozprofileQOyDus"
JavaScript error: resource://gre/modules/XULStore.jsm, line 66: Error: Can't find profile directory.
1593425779868	Marionette	INFO	Listening on port 49977
1593425780178	Marionette	WARN	TLS certificate errors will be ignored for this session
1593425843665	Marionette	INFO	Stopped listening on port 49977

###!!! [Child][MessageChannel::SendAndWait] Error: Channel error: cannot send/recv

1593427304249	mozrunner::runner	INFO	Running command: "C:\\Program Files\\Mozilla Firefox\\firefox.exe" "-marionette" "-foreground" "-no-remote" "-profile" "C:\\Users\\mediasot\\AppData\\Local\\Temp\\rust_mozprofile25U9s9"
JavaScript error: resource://gre/modules/XULStore.jsm, line 66: Error: Can't find profile directory.
1593427308292	Marionette	INFO	Listening on port 50545
1593427308580	Marionette	WARN	TLS certificate errors will be ignored for this session
JavaScript error: http://selenium1py.pythonanywhere.com/ru/, line 374: ReferenceError: oscar is not defined
1593427310512	Marionette	INFO	Stopped listening on port 50545
JavaScript error: resource://gre/modules/UrlClassifierListManager.jsm, line 691: TypeError: this.tablesData[table] is undefined

###!!! [Child][RunMessage] Error: Channel closing: too late to send/recv, messages will be lost


###!!! [Child][MessageChannel::SendAndWait] Error: Channel error: cannot send/recv

